[0.007s] Invoking command in '/home/ansh/Desktop/lidar_only_cpp/build/lidar_only_cpp': CMAKE_PREFIX_PATH=${CMAKE_PREFIX_PATH}:/opt/ros/humble /usr/bin/cmake /home/ansh/Desktop/lidar_only_cpp/src/lidar_only_cpp -DCMAKE_INSTALL_PREFIX=/home/ansh/Desktop/lidar_only_cpp/install/lidar_only_cpp
[0.050s] -- The C compiler identification is GNU 11.4.0
[0.095s] -- The CXX compiler identification is GNU 11.4.0
[0.100s] -- Detecting C compiler ABI info
[0.157s] -- Detecting C compiler ABI info - done
[0.164s] -- Check for working C compiler: /usr/bin/cc - skipped
[0.164s] -- Detecting C compile features
[0.164s] -- Detecting C compile features - done
[0.167s] -- Detecting CXX compiler ABI info
[0.228s] -- Detecting CXX compiler ABI info - done
[0.233s] -- Check for working CXX compiler: /usr/bin/c++ - skipped
[0.233s] -- Detecting CXX compile features
[0.234s] -- Detecting CXX compile features - done
[0.235s] -- Found ament_cmake: 1.3.12 (/opt/ros/humble/share/ament_cmake/cmake)
[0.342s] -- Found Python3: /usr/bin/python3 (found version "3.10.12") found components: Interpreter 
[0.400s] -- Found rclcpp: 16.0.14 (/opt/ros/humble/share/rclcpp/cmake)
[0.426s] -- Found rosidl_generator_c: 3.1.7 (/opt/ros/humble/share/rosidl_generator_c/cmake)
[0.429s] -- Found rosidl_adapter: 3.1.7 (/opt/ros/humble/share/rosidl_adapter/cmake)
[0.434s] -- Found rosidl_generator_cpp: 3.1.7 (/opt/ros/humble/share/rosidl_generator_cpp/cmake)
[0.441s] -- Using all available rosidl_typesupport_c: rosidl_typesupport_fastrtps_c;rosidl_typesupport_introspection_c
[0.451s] -- Using all available rosidl_typesupport_cpp: rosidl_typesupport_fastrtps_cpp;rosidl_typesupport_introspection_cpp
[0.475s] -- Found rmw_implementation_cmake: 6.1.2 (/opt/ros/humble/share/rmw_implementation_cmake/cmake)
[0.477s] -- Found rmw_fastrtps_cpp: 6.2.8 (/opt/ros/humble/share/rmw_fastrtps_cpp/cmake)
[0.537s] -- Found OpenSSL: /usr/lib/x86_64-linux-gnu/libcrypto.so (found version "3.0.2")  
[0.555s] -- Found FastRTPS: /opt/ros/humble/include  
[0.584s] -- Using RMW implementation 'rmw_fastrtps_cpp' as default
[0.589s] -- Looking for pthread.h
[0.640s] -- Looking for pthread.h - found
[0.640s] -- Performing Test CMAKE_HAVE_LIBC_PTHREAD
[0.696s] -- Performing Test CMAKE_HAVE_LIBC_PTHREAD - Success
[0.697s] -- Found Threads: TRUE  
[0.733s] -- Found sensor_msgs: 4.9.0 (/opt/ros/humble/share/sensor_msgs/cmake)
[0.753s] -- Found visualization_msgs: 4.9.0 (/opt/ros/humble/share/visualization_msgs/cmake)
[0.766s] -- Found pcl_conversions: 2.4.5 (/opt/ros/humble/share/pcl_conversions/cmake)
[0.792s] -- Checking for module 'eigen3'
[0.802s] --   Found eigen3, version 3.4.0
[0.833s] -- Found Eigen: /usr/include/eigen3 (Required is at least version "3.1") 
[0.833s] -- Eigen found (include: /usr/include/eigen3, version: 3.4.0)
[0.855s] -- Checking for module 'flann'
[0.865s] --   Found flann, version 1.9.1
[0.899s] -- Found FLANN: /usr/lib/x86_64-linux-gnu/libflann_cpp.so  
[0.899s] -- FLANN found (include: /usr/include, lib: /usr/lib/x86_64-linux-gnu/libflann_cpp.so)
[1.623s] -- Checking for module 'libusb-1.0'
[1.637s] --   Found libusb-1.0, version 1.0.25
[1.668s] -- Found libusb: /usr/lib/x86_64-linux-gnu/libusb-1.0.so  
[1.669s] -- OpenNI found (version: 1.5.4.0, include: /usr/include/ni, lib: /usr/lib/libOpenNI.so;libusb::libusb)
[1.736s] -- OpenNI2 found (version: 2.2.0.33, include: /usr/include/openni2, lib: /usr/lib/x86_64-linux-gnu/libOpenNI2.so;libusb::libusb)
[1.845s] -- Eigen found (include: /usr/include/eigen3, version: 3.4.0)
[1.849s] -- OpenNI found (version: 1.5.4.0, include: /usr/include/ni, lib: /usr/lib/libOpenNI.so;libusb::libusb)
[1.854s] -- OpenNI2 found (version: 2.2.0.33, include: /usr/include/openni2, lib: /usr/lib/x86_64-linux-gnu/libOpenNI2.so;libusb::libusb)
[1.963s] -- Found Qhull version 8.0.2
[2.064s] -- OpenNI found (version: 1.5.4.0, include: /usr/include/ni, lib: /usr/lib/libOpenNI.so;libusb::libusb)
[2.163s] -- Found PCL_COMMON: /usr/lib/x86_64-linux-gnu/libpcl_common.so  
[2.164s] -- Found PCL_KDTREE: /usr/lib/x86_64-linux-gnu/libpcl_kdtree.so  
[2.164s] -- Found PCL_OCTREE: /usr/lib/x86_64-linux-gnu/libpcl_octree.so  
[2.165s] -- Found PCL_SEARCH: /usr/lib/x86_64-linux-gnu/libpcl_search.so  
[2.165s] -- Found PCL_SAMPLE_CONSENSUS: /usr/lib/x86_64-linux-gnu/libpcl_sample_consensus.so  
[2.166s] -- Found PCL_FILTERS: /usr/lib/x86_64-linux-gnu/libpcl_filters.so  
[2.166s] -- Found PCL_2D: /usr/include/pcl-1.12  
[2.166s] -- Found PCL_GEOMETRY: /usr/include/pcl-1.12  
[2.167s] -- Found PCL_IO: /usr/lib/x86_64-linux-gnu/libpcl_io.so  
[2.168s] -- Found PCL_FEATURES: /usr/lib/x86_64-linux-gnu/libpcl_features.so  
[2.168s] -- Found PCL_ML: /usr/lib/x86_64-linux-gnu/libpcl_ml.so  
[2.169s] -- Found PCL_SEGMENTATION: /usr/lib/x86_64-linux-gnu/libpcl_segmentation.so  
[2.170s] -- Found PCL_VISUALIZATION: /usr/lib/x86_64-linux-gnu/libpcl_visualization.so  
[2.170s] -- Found PCL_SURFACE: /usr/lib/x86_64-linux-gnu/libpcl_surface.so  
[2.171s] -- Found PCL_REGISTRATION: /usr/lib/x86_64-linux-gnu/libpcl_registration.so  
[2.171s] -- Found PCL_KEYPOINTS: /usr/lib/x86_64-linux-gnu/libpcl_keypoints.so  
[2.172s] -- Found PCL_TRACKING: /usr/lib/x86_64-linux-gnu/libpcl_tracking.so  
[2.173s] -- Found PCL_RECOGNITION: /usr/lib/x86_64-linux-gnu/libpcl_recognition.so  
[2.173s] -- Found PCL_STEREO: /usr/lib/x86_64-linux-gnu/libpcl_stereo.so  
[2.174s] -- Found PCL_APPS: /usr/lib/x86_64-linux-gnu/libpcl_apps.so  
[2.174s] -- Found PCL_IN_HAND_SCANNER: /usr/include/pcl-1.12  
[2.175s] -- Found PCL_MODELER: /usr/include/pcl-1.12  
[2.175s] -- Found PCL_POINT_CLOUD_EDITOR: /usr/include/pcl-1.12  
[2.176s] -- Found PCL_OUTOFCORE: /usr/lib/x86_64-linux-gnu/libpcl_outofcore.so  
[2.176s] -- Found PCL_PEOPLE: /usr/lib/x86_64-linux-gnu/libpcl_people.so  
[2.177s] [33mCMake Warning (dev) at CMakeLists.txt:17 (find_package):
[2.178s]   Policy CMP0074 is not set: find_package uses <PackageName>_ROOT variables.
[2.178s]   Run "cmake --help-policy CMP0074" for policy details.  Use the cmake_policy
[2.178s]   command to set the policy and suppress this warning.
[2.178s] 
[2.178s]   CMake variable PCL_ROOT is set to:
[2.178s] 
[2.178s]     /usr
[2.178s] 
[2.178s]   For compatibility, CMake is ignoring the variable.
[2.178s] This warning is for project developers.  Use -Wno-dev to suppress it.
[2.178s] [0m
[2.189s] -- Found Open3D: /usr/lib/x86_64-linux-gnu/cmake/Open3D/Open3DConfig.cmake (found version "0.14.1") 
[2.195s] -- Found ament_lint_auto: 0.12.14 (/opt/ros/humble/share/ament_lint_auto/cmake)
[2.242s] -- Added test 'cppcheck' to perform static code analysis on C / C++ code
[2.242s] -- Configured cppcheck include dirs: 
[2.242s] -- Configured cppcheck exclude dirs and/or files: 
[2.242s] -- Added test 'lint_cmake' to check CMake code style
[2.243s] -- Added test 'uncrustify' to check C / C++ code style
[2.243s] -- Configured uncrustify additional arguments: 
[2.243s] -- Added test 'xmllint' to check XML markup files
[2.244s] -- Configuring done
[2.264s] -- Generating done
[2.273s] -- Build files have been written to: /home/ansh/Desktop/lidar_only_cpp/build/lidar_only_cpp
[2.286s] Invoked command in '/home/ansh/Desktop/lidar_only_cpp/build/lidar_only_cpp' returned '0': CMAKE_PREFIX_PATH=${CMAKE_PREFIX_PATH}:/opt/ros/humble /usr/bin/cmake /home/ansh/Desktop/lidar_only_cpp/src/lidar_only_cpp -DCMAKE_INSTALL_PREFIX=/home/ansh/Desktop/lidar_only_cpp/install/lidar_only_cpp
[2.288s] Invoking command in '/home/ansh/Desktop/lidar_only_cpp/build/lidar_only_cpp': CMAKE_PREFIX_PATH=${CMAKE_PREFIX_PATH}:/opt/ros/humble /usr/bin/cmake --build /home/ansh/Desktop/lidar_only_cpp/build/lidar_only_cpp -- -j12 -l12
[2.332s] [ 50%] [32mBuilding CXX object CMakeFiles/data_extractor_node.dir/src/data_extractor_node.cpp.o[0m
[11.164s] [100%] [32m[1mLinking CXX executable data_extractor_node[0m
[12.235s] [100%] Built target data_extractor_node
[12.244s] Invoked command in '/home/ansh/Desktop/lidar_only_cpp/build/lidar_only_cpp' returned '0': CMAKE_PREFIX_PATH=${CMAKE_PREFIX_PATH}:/opt/ros/humble /usr/bin/cmake --build /home/ansh/Desktop/lidar_only_cpp/build/lidar_only_cpp -- -j12 -l12
[12.251s] Invoking command in '/home/ansh/Desktop/lidar_only_cpp/build/lidar_only_cpp': CMAKE_PREFIX_PATH=${CMAKE_PREFIX_PATH}:/opt/ros/humble /usr/bin/cmake --install /home/ansh/Desktop/lidar_only_cpp/build/lidar_only_cpp
[12.256s] -- Install configuration: ""
[12.256s] -- Installing: /home/ansh/Desktop/lidar_only_cpp/install/lidar_only_cpp/lib/lidar_only_cpp/data_extractor_node
[12.258s] -- Set runtime path of "/home/ansh/Desktop/lidar_only_cpp/install/lidar_only_cpp/lib/lidar_only_cpp/data_extractor_node" to ""
[12.258s] -- Installing: /home/ansh/Desktop/lidar_only_cpp/install/lidar_only_cpp/share/ament_index/resource_index/package_run_dependencies/lidar_only_cpp
[12.258s] -- Installing: /home/ansh/Desktop/lidar_only_cpp/install/lidar_only_cpp/share/ament_index/resource_index/parent_prefix_path/lidar_only_cpp
[12.258s] -- Installing: /home/ansh/Desktop/lidar_only_cpp/install/lidar_only_cpp/share/lidar_only_cpp/environment/ament_prefix_path.sh
[12.259s] -- Installing: /home/ansh/Desktop/lidar_only_cpp/install/lidar_only_cpp/share/lidar_only_cpp/environment/ament_prefix_path.dsv
[12.259s] -- Installing: /home/ansh/Desktop/lidar_only_cpp/install/lidar_only_cpp/share/lidar_only_cpp/environment/path.sh
[12.259s] -- Installing: /home/ansh/Desktop/lidar_only_cpp/install/lidar_only_cpp/share/lidar_only_cpp/environment/path.dsv
[12.259s] -- Installing: /home/ansh/Desktop/lidar_only_cpp/install/lidar_only_cpp/share/lidar_only_cpp/local_setup.bash
[12.259s] -- Installing: /home/ansh/Desktop/lidar_only_cpp/install/lidar_only_cpp/share/lidar_only_cpp/local_setup.sh
[12.259s] -- Installing: /home/ansh/Desktop/lidar_only_cpp/install/lidar_only_cpp/share/lidar_only_cpp/local_setup.zsh
[12.259s] -- Installing: /home/ansh/Desktop/lidar_only_cpp/install/lidar_only_cpp/share/lidar_only_cpp/local_setup.dsv
[12.259s] -- Installing: /home/ansh/Desktop/lidar_only_cpp/install/lidar_only_cpp/share/lidar_only_cpp/package.dsv
[12.259s] -- Installing: /home/ansh/Desktop/lidar_only_cpp/install/lidar_only_cpp/share/ament_index/resource_index/packages/lidar_only_cpp
[12.259s] -- Installing: /home/ansh/Desktop/lidar_only_cpp/install/lidar_only_cpp/share/lidar_only_cpp/cmake/lidar_only_cppConfig.cmake
[12.259s] -- Installing: /home/ansh/Desktop/lidar_only_cpp/install/lidar_only_cpp/share/lidar_only_cpp/cmake/lidar_only_cppConfig-version.cmake
[12.259s] -- Installing: /home/ansh/Desktop/lidar_only_cpp/install/lidar_only_cpp/share/lidar_only_cpp/package.xml
[12.260s] Invoked command in '/home/ansh/Desktop/lidar_only_cpp/build/lidar_only_cpp' returned '0': CMAKE_PREFIX_PATH=${CMAKE_PREFIX_PATH}:/opt/ros/humble /usr/bin/cmake --install /home/ansh/Desktop/lidar_only_cpp/build/lidar_only_cpp
