[0.257s] [34mcolcon[0m [1;30mDEBUG[0m [32mCommand line arguments: ['/usr/bin/colcon', 'build'][0m
[0.257s] [34mcolcon[0m [1;30mDEBUG[0m [32mParsed command line arguments: Namespace(log_base=None, log_level=None, verb_name='build', build_base='build', install_base='install', merge_install=False, symlink_install=False, test_result_base=None, continue_on_error=False, executor='parallel', parallel_workers=12, event_handlers=None, ignore_user_meta=False, metas=['./colcon.meta'], base_paths=['.'], packages_ignore=None, packages_ignore_regex=None, paths=None, packages_up_to=None, packages_up_to_regex=None, packages_above=None, packages_above_and_dependencies=None, packages_above_depth=None, packages_select_by_dep=None, packages_skip_by_dep=None, packages_skip_up_to=None, packages_select_build_failed=False, packages_skip_build_finished=False, packages_select_test_failures=False, packages_skip_test_passed=False, packages_select=None, packages_skip=None, packages_select_regex=None, packages_skip_regex=None, packages_start=None, packages_end=None, allow_overriding=[], cmake_args=None, cmake_target=None, cmake_target_skip_unavailable=False, cmake_clean_cache=False, cmake_clean_first=False, cmake_force_configure=False, ament_cmake_args=None, catkin_cmake_args=None, catkin_skip_building_tests=False, mixin_files=None, mixin=None, verb_parser=<colcon_mixin.mixin.mixin_argument.MixinArgumentDecorator object at 0x7282a9f299c0>, verb_extension=<colcon_core.verb.build.BuildVerb object at 0x7282a9f293f0>, main=<bound method BuildVerb.main of <colcon_core.verb.build.BuildVerb object at 0x7282a9f293f0>>, mixin_verb=('build',))[0m
[0.498s] [34mcolcon.colcon_core.package_discovery[0m [1;30mLevel 1[0m discover_packages(colcon_meta) check parameters
[0.498s] [34mcolcon.colcon_core.package_discovery[0m [1;30mLevel 1[0m discover_packages(recursive) check parameters
[0.498s] [34mcolcon.colcon_core.package_discovery[0m [1;30mLevel 1[0m discover_packages(ignore) check parameters
[0.498s] [34mcolcon.colcon_core.package_discovery[0m [1;30mLevel 1[0m discover_packages(path) check parameters
[0.498s] [34mcolcon.colcon_core.package_discovery[0m [1;30mLevel 1[0m discover_packages(colcon_meta) discover
[0.498s] [34mcolcon.colcon_core.package_discovery[0m [1;30mLevel 1[0m discover_packages(recursive) discover
[0.499s] [34mcolcon.colcon_core.package_discovery[0m [1;30mINFO[0m Crawling recursively for packages in '/home/ansh/Desktop/lidar_only_cpp'
[0.499s] [34mcolcon.colcon_core.package_identification[0m [1;30mLevel 1[0m _identify(.) by extensions ['ignore', 'ignore_ament_install']
[0.499s] [34mcolcon.colcon_core.package_identification[0m [1;30mLevel 1[0m _identify(.) by extension 'ignore'
[0.499s] [34mcolcon.colcon_core.package_identification[0m [1;30mLevel 1[0m _identify(.) by extension 'ignore_ament_install'
[0.499s] [34mcolcon.colcon_core.package_identification[0m [1;30mLevel 1[0m _identify(.) by extensions ['colcon_pkg']
[0.499s] [34mcolcon.colcon_core.package_identification[0m [1;30mLevel 1[0m _identify(.) by extension 'colcon_pkg'
[0.499s] [34mcolcon.colcon_core.package_identification[0m [1;30mLevel 1[0m _identify(.) by extensions ['colcon_meta']
[0.499s] [34mcolcon.colcon_core.package_identification[0m [1;30mLevel 1[0m _identify(.) by extension 'colcon_meta'
[0.499s] [34mcolcon.colcon_core.package_identification[0m [1;30mLevel 1[0m _identify(.) by extensions ['ros']
[0.499s] [34mcolcon.colcon_core.package_identification[0m [1;30mLevel 1[0m _identify(.) by extension 'ros'
[0.523s] [34mcolcon.colcon_core.package_identification[0m [1;30mLevel 1[0m _identify(.) by extensions ['cmake', 'python']
[0.523s] [34mcolcon.colcon_core.package_identification[0m [1;30mLevel 1[0m _identify(.) by extension 'cmake'
[0.523s] [34mcolcon.colcon_core.package_identification[0m [1;30mLevel 1[0m _identify(.) by extension 'python'
[0.523s] [34mcolcon.colcon_core.package_identification[0m [1;30mLevel 1[0m _identify(.) by extensions ['python_setup_py']
[0.523s] [34mcolcon.colcon_core.package_identification[0m [1;30mLevel 1[0m _identify(.) by extension 'python_setup_py'
[0.523s] [34mcolcon.colcon_core.package_identification[0m [1;30mLevel 1[0m _identify(build) by extensions ['ignore', 'ignore_ament_install']
[0.523s] [34mcolcon.colcon_core.package_identification[0m [1;30mLevel 1[0m _identify(build) by extension 'ignore'
[0.523s] [34mcolcon.colcon_core.package_identification[0m [1;30mLevel 1[0m _identify(build) ignored
[0.523s] [34mcolcon.colcon_core.package_identification[0m [1;30mLevel 1[0m _identify(install) by extensions ['ignore', 'ignore_ament_install']
[0.523s] [34mcolcon.colcon_core.package_identification[0m [1;30mLevel 1[0m _identify(install) by extension 'ignore'
[0.523s] [34mcolcon.colcon_core.package_identification[0m [1;30mLevel 1[0m _identify(install) ignored
[0.523s] [34mcolcon.colcon_core.package_identification[0m [1;30mLevel 1[0m _identify(log) by extensions ['ignore', 'ignore_ament_install']
[0.524s] [34mcolcon.colcon_core.package_identification[0m [1;30mLevel 1[0m _identify(log) by extension 'ignore'
[0.524s] [34mcolcon.colcon_core.package_identification[0m [1;30mLevel 1[0m _identify(log) ignored
[0.524s] [34mcolcon.colcon_core.package_identification[0m [1;30mLevel 1[0m _identify(model_env) by extensions ['ignore', 'ignore_ament_install']
[0.524s] [34mcolcon.colcon_core.package_identification[0m [1;30mLevel 1[0m _identify(model_env) by extension 'ignore'
[0.524s] [34mcolcon.colcon_core.package_identification[0m [1;30mLevel 1[0m _identify(model_env) ignored
[0.524s] [34mcolcon.colcon_core.package_identification[0m [1;30mLevel 1[0m _identify(src) by extensions ['ignore', 'ignore_ament_install']
[0.524s] [34mcolcon.colcon_core.package_identification[0m [1;30mLevel 1[0m _identify(src) by extension 'ignore'
[0.524s] [34mcolcon.colcon_core.package_identification[0m [1;30mLevel 1[0m _identify(src) by extension 'ignore_ament_install'
[0.524s] [34mcolcon.colcon_core.package_identification[0m [1;30mLevel 1[0m _identify(src) by extensions ['colcon_pkg']
[0.524s] [34mcolcon.colcon_core.package_identification[0m [1;30mLevel 1[0m _identify(src) by extension 'colcon_pkg'
[0.524s] [34mcolcon.colcon_core.package_identification[0m [1;30mLevel 1[0m _identify(src) by extensions ['colcon_meta']
[0.524s] [34mcolcon.colcon_core.package_identification[0m [1;30mLevel 1[0m _identify(src) by extension 'colcon_meta'
[0.524s] [34mcolcon.colcon_core.package_identification[0m [1;30mLevel 1[0m _identify(src) by extensions ['ros']
[0.524s] [34mcolcon.colcon_core.package_identification[0m [1;30mLevel 1[0m _identify(src) by extension 'ros'
[0.524s] [34mcolcon.colcon_core.package_identification[0m [1;30mLevel 1[0m _identify(src) by extensions ['cmake', 'python']
[0.524s] [34mcolcon.colcon_core.package_identification[0m [1;30mLevel 1[0m _identify(src) by extension 'cmake'
[0.524s] [34mcolcon.colcon_core.package_identification[0m [1;30mLevel 1[0m _identify(src) by extension 'python'
[0.524s] [34mcolcon.colcon_core.package_identification[0m [1;30mLevel 1[0m _identify(src) by extensions ['python_setup_py']
[0.524s] [34mcolcon.colcon_core.package_identification[0m [1;30mLevel 1[0m _identify(src) by extension 'python_setup_py'
[0.524s] [34mcolcon.colcon_core.package_identification[0m [1;30mLevel 1[0m _identify(src/lidar_only_cpp) by extensions ['ignore', 'ignore_ament_install']
[0.524s] [34mcolcon.colcon_core.package_identification[0m [1;30mLevel 1[0m _identify(src/lidar_only_cpp) by extension 'ignore'
[0.525s] [34mcolcon.colcon_core.package_identification[0m [1;30mLevel 1[0m _identify(src/lidar_only_cpp) by extension 'ignore_ament_install'
[0.525s] [34mcolcon.colcon_core.package_identification[0m [1;30mLevel 1[0m _identify(src/lidar_only_cpp) by extensions ['colcon_pkg']
[0.525s] [34mcolcon.colcon_core.package_identification[0m [1;30mLevel 1[0m _identify(src/lidar_only_cpp) by extension 'colcon_pkg'
[0.525s] [34mcolcon.colcon_core.package_identification[0m [1;30mLevel 1[0m _identify(src/lidar_only_cpp) by extensions ['colcon_meta']
[0.525s] [34mcolcon.colcon_core.package_identification[0m [1;30mLevel 1[0m _identify(src/lidar_only_cpp) by extension 'colcon_meta'
[0.525s] [34mcolcon.colcon_core.package_identification[0m [1;30mLevel 1[0m _identify(src/lidar_only_cpp) by extensions ['ros']
[0.525s] [34mcolcon.colcon_core.package_identification[0m [1;30mLevel 1[0m _identify(src/lidar_only_cpp) by extension 'ros'
[0.529s] [34mcolcon.colcon_core.package_identification[0m [1;30mDEBUG[0m [32mPackage 'src/lidar_only_cpp' with type 'ros.ament_cmake' and name 'lidar_only_cpp'[0m
[0.529s] [34mcolcon.colcon_core.package_discovery[0m [1;30mLevel 1[0m discover_packages(recursive) using defaults
[0.529s] [34mcolcon.colcon_core.package_discovery[0m [1;30mLevel 1[0m discover_packages(ignore) discover
[0.529s] [34mcolcon.colcon_core.package_discovery[0m [1;30mLevel 1[0m discover_packages(ignore) using defaults
[0.529s] [34mcolcon.colcon_core.package_discovery[0m [1;30mLevel 1[0m discover_packages(path) discover
[0.529s] [34mcolcon.colcon_core.package_discovery[0m [1;30mLevel 1[0m discover_packages(path) using defaults
[0.558s] [34mcolcon.colcon_core.package_discovery[0m [1;30mLevel 1[0m discover_packages(prefix_path) check parameters
[0.559s] [34mcolcon.colcon_core.package_discovery[0m [1;30mLevel 1[0m discover_packages(prefix_path) discover
[0.564s] [34mcolcon.colcon_installed_package_information.package_discovery[0m [1;30mDEBUG[0m [32mFound 325 installed packages in /opt/ros/humble[0m
[0.568s] [34mcolcon.colcon_core.package_discovery[0m [1;30mLevel 1[0m discover_packages(prefix_path) using defaults
[0.609s] [34mcolcon.colcon_core.verb[0m [1;30mLevel 5[0m set package 'lidar_only_cpp' build argument 'cmake_args' from command line to 'None'
[0.609s] [34mcolcon.colcon_core.verb[0m [1;30mLevel 5[0m set package 'lidar_only_cpp' build argument 'cmake_target' from command line to 'None'
[0.610s] [34mcolcon.colcon_core.verb[0m [1;30mLevel 5[0m set package 'lidar_only_cpp' build argument 'cmake_target_skip_unavailable' from command line to 'False'
[0.610s] [34mcolcon.colcon_core.verb[0m [1;30mLevel 5[0m set package 'lidar_only_cpp' build argument 'cmake_clean_cache' from command line to 'False'
[0.610s] [34mcolcon.colcon_core.verb[0m [1;30mLevel 5[0m set package 'lidar_only_cpp' build argument 'cmake_clean_first' from command line to 'False'
[0.610s] [34mcolcon.colcon_core.verb[0m [1;30mLevel 5[0m set package 'lidar_only_cpp' build argument 'cmake_force_configure' from command line to 'False'
[0.610s] [34mcolcon.colcon_core.verb[0m [1;30mLevel 5[0m set package 'lidar_only_cpp' build argument 'ament_cmake_args' from command line to 'None'
[0.610s] [34mcolcon.colcon_core.verb[0m [1;30mLevel 5[0m set package 'lidar_only_cpp' build argument 'catkin_cmake_args' from command line to 'None'
[0.610s] [34mcolcon.colcon_core.verb[0m [1;30mLevel 5[0m set package 'lidar_only_cpp' build argument 'catkin_skip_building_tests' from command line to 'False'
[0.610s] [34mcolcon.colcon_core.verb[0m [1;30mDEBUG[0m [32mBuilding package 'lidar_only_cpp' with the following arguments: {'ament_cmake_args': None, 'build_base': '/home/ansh/Desktop/lidar_only_cpp/build/lidar_only_cpp', 'catkin_cmake_args': None, 'catkin_skip_building_tests': False, 'cmake_args': None, 'cmake_clean_cache': False, 'cmake_clean_first': False, 'cmake_force_configure': False, 'cmake_target': None, 'cmake_target_skip_unavailable': False, 'install_base': '/home/ansh/Desktop/lidar_only_cpp/install/lidar_only_cpp', 'merge_install': False, 'path': '/home/ansh/Desktop/lidar_only_cpp/src/lidar_only_cpp', 'symlink_install': False, 'test_result_base': None}[0m
[0.610s] [34mcolcon.colcon_core.executor[0m [1;30mINFO[0m Executing jobs using 'parallel' executor
[0.611s] [34mcolcon.colcon_parallel_executor.executor.parallel[0m [1;30mDEBUG[0m [32mrun_until_complete[0m
[0.612s] [34mcolcon.colcon_ros.task.ament_cmake.build[0m [1;30mINFO[0m Building ROS package in '/home/ansh/Desktop/lidar_only_cpp/src/lidar_only_cpp' with build type 'ament_cmake'
[0.612s] [34mcolcon.colcon_cmake.task.cmake.build[0m [1;30mINFO[0m Building CMake package in '/home/ansh/Desktop/lidar_only_cpp/src/lidar_only_cpp'
[0.617s] [34mcolcon.colcon_core.plugin_system[0m [1;30mINFO[0m Skipping extension 'colcon_core.shell.bat': Not used on non-Windows systems
[0.617s] [34mcolcon.colcon_core.shell[0m [1;30mINFO[0m Skip shell extension 'powershell' for command environment: Not usable outside of PowerShell
[0.617s] [34mcolcon.colcon_core.shell[0m [1;30mDEBUG[0m [32mSkip shell extension 'dsv' for command environment[0m
[0.628s] [34mcolcon.colcon_core.event_handler.log_command[0m [1;30mDEBUG[0m [32mInvoking command in '/home/ansh/Desktop/lidar_only_cpp/build/lidar_only_cpp': CMAKE_PREFIX_PATH=${CMAKE_PREFIX_PATH}:/opt/ros/humble /usr/bin/cmake --build /home/ansh/Desktop/lidar_only_cpp/build/lidar_only_cpp -- -j12 -l12[0m
[0.757s] [34mcolcon.colcon_core.event_handler.log_command[0m [1;30mDEBUG[0m [32mInvoked command in '/home/ansh/Desktop/lidar_only_cpp/build/lidar_only_cpp' returned '0': CMAKE_PREFIX_PATH=${CMAKE_PREFIX_PATH}:/opt/ros/humble /usr/bin/cmake --build /home/ansh/Desktop/lidar_only_cpp/build/lidar_only_cpp -- -j12 -l12[0m
[0.769s] [34mcolcon.colcon_core.event_handler.log_command[0m [1;30mDEBUG[0m [32mInvoking command in '/home/ansh/Desktop/lidar_only_cpp/build/lidar_only_cpp': CMAKE_PREFIX_PATH=${CMAKE_PREFIX_PATH}:/opt/ros/humble /usr/bin/cmake --install /home/ansh/Desktop/lidar_only_cpp/build/lidar_only_cpp[0m
[0.783s] [34mcolcon.colcon_core.environment[0m [1;30mLevel 1[0m create_environment_scripts_only(lidar_only_cpp)
[0.784s] [34mcolcon.colcon_core.event_handler.log_command[0m [1;30mDEBUG[0m [32mInvoked command in '/home/ansh/Desktop/lidar_only_cpp/build/lidar_only_cpp' returned '0': CMAKE_PREFIX_PATH=${CMAKE_PREFIX_PATH}:/opt/ros/humble /usr/bin/cmake --install /home/ansh/Desktop/lidar_only_cpp/build/lidar_only_cpp[0m
[0.790s] [34mcolcon.colcon_core.environment[0m [1;30mLevel 1[0m checking '/home/ansh/Desktop/lidar_only_cpp/install/lidar_only_cpp' for CMake module files
[0.791s] [34mcolcon.colcon_core.environment[0m [1;30mLevel 1[0m checking '/home/ansh/Desktop/lidar_only_cpp/install/lidar_only_cpp' for CMake config files
[0.791s] [34mcolcon.colcon_core.shell[0m [1;30mLevel 1[0m create_environment_hook('lidar_only_cpp', 'cmake_prefix_path')
[0.791s] [34mcolcon.colcon_core.shell[0m [1;30mINFO[0m Creating environment hook '/home/ansh/Desktop/lidar_only_cpp/install/lidar_only_cpp/share/lidar_only_cpp/hook/cmake_prefix_path.ps1'
[0.792s] [34mcolcon.colcon_core.shell[0m [1;30mINFO[0m Creating environment descriptor '/home/ansh/Desktop/lidar_only_cpp/install/lidar_only_cpp/share/lidar_only_cpp/hook/cmake_prefix_path.dsv'
[0.793s] [34mcolcon.colcon_core.shell[0m [1;30mINFO[0m Creating environment hook '/home/ansh/Desktop/lidar_only_cpp/install/lidar_only_cpp/share/lidar_only_cpp/hook/cmake_prefix_path.sh'
[0.795s] [34mcolcon.colcon_core.environment[0m [1;30mLevel 1[0m checking '/home/ansh/Desktop/lidar_only_cpp/install/lidar_only_cpp/lib'
[0.795s] [34mcolcon.colcon_core.environment[0m [1;30mLevel 1[0m checking '/home/ansh/Desktop/lidar_only_cpp/install/lidar_only_cpp/bin'
[0.795s] [34mcolcon.colcon_core.environment[0m [1;30mLevel 1[0m checking '/home/ansh/Desktop/lidar_only_cpp/install/lidar_only_cpp/lib/pkgconfig/lidar_only_cpp.pc'
[0.795s] [34mcolcon.colcon_core.environment[0m [1;30mLevel 1[0m checking '/home/ansh/Desktop/lidar_only_cpp/install/lidar_only_cpp/lib/python3.10/site-packages'
[0.796s] [34mcolcon.colcon_core.environment[0m [1;30mLevel 1[0m checking '/home/ansh/Desktop/lidar_only_cpp/install/lidar_only_cpp/bin'
[0.796s] [34mcolcon.colcon_core.shell[0m [1;30mINFO[0m Creating package script '/home/ansh/Desktop/lidar_only_cpp/install/lidar_only_cpp/share/lidar_only_cpp/package.ps1'
[0.797s] [34mcolcon.colcon_core.shell[0m [1;30mINFO[0m Creating package descriptor '/home/ansh/Desktop/lidar_only_cpp/install/lidar_only_cpp/share/lidar_only_cpp/package.dsv'
[0.798s] [34mcolcon.colcon_core.shell[0m [1;30mINFO[0m Creating package script '/home/ansh/Desktop/lidar_only_cpp/install/lidar_only_cpp/share/lidar_only_cpp/package.sh'
[0.799s] [34mcolcon.colcon_core.shell[0m [1;30mINFO[0m Creating package script '/home/ansh/Desktop/lidar_only_cpp/install/lidar_only_cpp/share/lidar_only_cpp/package.bash'
[0.800s] [34mcolcon.colcon_core.shell[0m [1;30mINFO[0m Creating package script '/home/ansh/Desktop/lidar_only_cpp/install/lidar_only_cpp/share/lidar_only_cpp/package.zsh'
[0.801s] [34mcolcon.colcon_core.environment[0m [1;30mLevel 1[0m create_file_with_runtime_dependencies(/home/ansh/Desktop/lidar_only_cpp/install/lidar_only_cpp/share/colcon-core/packages/lidar_only_cpp)
[0.801s] [34mcolcon.colcon_core.environment[0m [1;30mLevel 1[0m create_environment_scripts_only(lidar_only_cpp)
[0.802s] [34mcolcon.colcon_core.environment[0m [1;30mLevel 1[0m checking '/home/ansh/Desktop/lidar_only_cpp/install/lidar_only_cpp' for CMake module files
[0.802s] [34mcolcon.colcon_core.environment[0m [1;30mLevel 1[0m checking '/home/ansh/Desktop/lidar_only_cpp/install/lidar_only_cpp' for CMake config files
[0.802s] [34mcolcon.colcon_core.shell[0m [1;30mLevel 1[0m create_environment_hook('lidar_only_cpp', 'cmake_prefix_path')
[0.802s] [34mcolcon.colcon_core.shell[0m [1;30mINFO[0m Creating environment hook '/home/ansh/Desktop/lidar_only_cpp/install/lidar_only_cpp/share/lidar_only_cpp/hook/cmake_prefix_path.ps1'
[0.803s] [34mcolcon.colcon_core.shell[0m [1;30mINFO[0m Creating environment descriptor '/home/ansh/Desktop/lidar_only_cpp/install/lidar_only_cpp/share/lidar_only_cpp/hook/cmake_prefix_path.dsv'
[0.803s] [34mcolcon.colcon_core.shell[0m [1;30mINFO[0m Creating environment hook '/home/ansh/Desktop/lidar_only_cpp/install/lidar_only_cpp/share/lidar_only_cpp/hook/cmake_prefix_path.sh'
[0.804s] [34mcolcon.colcon_core.environment[0m [1;30mLevel 1[0m checking '/home/ansh/Desktop/lidar_only_cpp/install/lidar_only_cpp/lib'
[0.804s] [34mcolcon.colcon_core.environment[0m [1;30mLevel 1[0m checking '/home/ansh/Desktop/lidar_only_cpp/install/lidar_only_cpp/bin'
[0.804s] [34mcolcon.colcon_core.environment[0m [1;30mLevel 1[0m checking '/home/ansh/Desktop/lidar_only_cpp/install/lidar_only_cpp/lib/pkgconfig/lidar_only_cpp.pc'
[0.804s] [34mcolcon.colcon_core.environment[0m [1;30mLevel 1[0m checking '/home/ansh/Desktop/lidar_only_cpp/install/lidar_only_cpp/lib/python3.10/site-packages'
[0.804s] [34mcolcon.colcon_core.environment[0m [1;30mLevel 1[0m checking '/home/ansh/Desktop/lidar_only_cpp/install/lidar_only_cpp/bin'
[0.804s] [34mcolcon.colcon_core.shell[0m [1;30mINFO[0m Creating package script '/home/ansh/Desktop/lidar_only_cpp/install/lidar_only_cpp/share/lidar_only_cpp/package.ps1'
[0.805s] [34mcolcon.colcon_core.shell[0m [1;30mINFO[0m Creating package descriptor '/home/ansh/Desktop/lidar_only_cpp/install/lidar_only_cpp/share/lidar_only_cpp/package.dsv'
[0.805s] [34mcolcon.colcon_core.shell[0m [1;30mINFO[0m Creating package script '/home/ansh/Desktop/lidar_only_cpp/install/lidar_only_cpp/share/lidar_only_cpp/package.sh'
[0.806s] [34mcolcon.colcon_core.shell[0m [1;30mINFO[0m Creating package script '/home/ansh/Desktop/lidar_only_cpp/install/lidar_only_cpp/share/lidar_only_cpp/package.bash'
[0.806s] [34mcolcon.colcon_core.shell[0m [1;30mINFO[0m Creating package script '/home/ansh/Desktop/lidar_only_cpp/install/lidar_only_cpp/share/lidar_only_cpp/package.zsh'
[0.806s] [34mcolcon.colcon_core.environment[0m [1;30mLevel 1[0m create_file_with_runtime_dependencies(/home/ansh/Desktop/lidar_only_cpp/install/lidar_only_cpp/share/colcon-core/packages/lidar_only_cpp)
[0.807s] [34mcolcon.colcon_parallel_executor.executor.parallel[0m [1;30mDEBUG[0m [32mclosing loop[0m
[0.808s] [34mcolcon.colcon_parallel_executor.executor.parallel[0m [1;30mDEBUG[0m [32mloop closed[0m
[0.808s] [34mcolcon.colcon_parallel_executor.executor.parallel[0m [1;30mDEBUG[0m [32mrun_until_complete finished with '0'[0m
[0.808s] [34mcolcon.colcon_core.event_reactor[0m [1;30mDEBUG[0m [32mjoining thread[0m
[0.815s] [34mcolcon.colcon_core.plugin_system[0m [1;30mINFO[0m Skipping extension 'colcon_notification.desktop_notification.terminal_notifier': Not used on non-Darwin systems
[0.815s] [34mcolcon.colcon_core.plugin_system[0m [1;30mINFO[0m Skipping extension 'colcon_notification.desktop_notification.win32': Not used on non-Windows systems
[0.815s] [34mcolcon.colcon_notification.desktop_notification[0m [1;30mINFO[0m Sending desktop notification using 'notify2'
[0.829s] [34mcolcon.colcon_core.event_reactor[0m [1;30mDEBUG[0m [32mjoined thread[0m
[0.829s] [34mcolcon.colcon_core.shell[0m [1;30mINFO[0m Creating prefix script '/home/ansh/Desktop/lidar_only_cpp/install/local_setup.ps1'
[0.830s] [34mcolcon.colcon_core.shell[0m [1;30mINFO[0m Creating prefix util module '/home/ansh/Desktop/lidar_only_cpp/install/_local_setup_util_ps1.py'
[0.832s] [34mcolcon.colcon_core.shell[0m [1;30mINFO[0m Creating prefix chain script '/home/ansh/Desktop/lidar_only_cpp/install/setup.ps1'
[0.833s] [34mcolcon.colcon_core.shell[0m [1;30mINFO[0m Creating prefix script '/home/ansh/Desktop/lidar_only_cpp/install/local_setup.sh'
[0.834s] [34mcolcon.colcon_core.shell[0m [1;30mINFO[0m Creating prefix util module '/home/ansh/Desktop/lidar_only_cpp/install/_local_setup_util_sh.py'
[0.835s] [34mcolcon.colcon_core.shell[0m [1;30mINFO[0m Creating prefix chain script '/home/ansh/Desktop/lidar_only_cpp/install/setup.sh'
[0.836s] [34mcolcon.colcon_core.shell[0m [1;30mINFO[0m Creating prefix script '/home/ansh/Desktop/lidar_only_cpp/install/local_setup.bash'
[0.837s] [34mcolcon.colcon_core.shell[0m [1;30mINFO[0m Creating prefix chain script '/home/ansh/Desktop/lidar_only_cpp/install/setup.bash'
[0.839s] [34mcolcon.colcon_core.shell[0m [1;30mINFO[0m Creating prefix script '/home/ansh/Desktop/lidar_only_cpp/install/local_setup.zsh'
[0.840s] [34mcolcon.colcon_core.shell[0m [1;30mINFO[0m Creating prefix chain script '/home/ansh/Desktop/lidar_only_cpp/install/setup.zsh'
