-- Found ament_cmake: 1.3.12 (/opt/ros/humble/share/ament_cmake/cmake)
-- Found rclcpp: 16.0.14 (/opt/ros/humble/share/rclcpp/cmake)
-- Found rosidl_generator_c: 3.1.7 (/opt/ros/humble/share/rosidl_generator_c/cmake)
-- Found rosidl_adapter: 3.1.7 (/opt/ros/humble/share/rosidl_adapter/cmake)
-- Found rosidl_generator_cpp: 3.1.7 (/opt/ros/humble/share/rosidl_generator_cpp/cmake)
-- Using all available rosidl_typesupport_c: rosidl_typesupport_fastrtps_c;rosidl_typesupport_introspection_c
-- Using all available rosidl_typesupport_cpp: rosidl_typesupport_fastrtps_cpp;rosidl_typesupport_introspection_cpp
-- Found rmw_implementation_cmake: 6.1.2 (/opt/ros/humble/share/rmw_implementation_cmake/cmake)
-- Found rmw_fastrtps_cpp: 6.2.8 (/opt/ros/humble/share/rmw_fastrtps_cpp/cmake)
-- Using RMW implementation 'rmw_fastrtps_cpp' as default
-- Found sensor_msgs: 4.9.0 (/opt/ros/humble/share/sensor_msgs/cmake)
-- Found visualization_msgs: 4.9.0 (/opt/ros/humble/share/visualization_msgs/cmake)
-- Found pcl_conversions: 2.4.5 (/opt/ros/humble/share/pcl_conversions/cmake)
-- Eigen found (include: /usr/include/eigen3, version: 3.4.0)
-- FLANN found (include: /usr/include, lib: /usr/lib/x86_64-linux-gnu/libflann_cpp.so)
-- OpenNI found (version: 1.5.4.0, include: /usr/include/ni, lib: /usr/lib/libOpenNI.so;libusb::libusb)
-- OpenNI2 found (version: 2.2.0.33, include: /usr/include/openni2, lib: /usr/lib/x86_64-linux-gnu/libOpenNI2.so;libusb::libusb)
-- Eigen found (include: /usr/include/eigen3, version: 3.4.0)
-- OpenNI found (version: 1.5.4.0, include: /usr/include/ni, lib: /usr/lib/libOpenNI.so;libusb::libusb)
-- OpenNI2 found (version: 2.2.0.33, include: /usr/include/openni2, lib: /usr/lib/x86_64-linux-gnu/libOpenNI2.so;libusb::libusb)
-- Found Qhull version 8.0.2
-- OpenNI found (version: 1.5.4.0, include: /usr/include/ni, lib: /usr/lib/libOpenNI.so;libusb::libusb)
[33mCMake Warning (dev) at CMakeLists.txt:17 (find_package):
  Policy CMP0074 is not set: find_package uses <PackageName>_ROOT variables.
  Run "cmake --help-policy CMP0074" for policy details.  Use the cmake_policy
  command to set the policy and suppress this warning.

  CMake variable PCL_ROOT is set to:

    /usr

  For compatibility, CMake is ignoring the variable.
This warning is for project developers.  Use -Wno-dev to suppress it.
[0m
-- Found ament_lint_auto: 0.12.14 (/opt/ros/humble/share/ament_lint_auto/cmake)
-- Added test 'cppcheck' to perform static code analysis on C / C++ code
-- Configured cppcheck include dirs: 
-- Configured cppcheck exclude dirs and/or files: 
-- Added test 'lint_cmake' to check CMake code style
-- Added test 'uncrustify' to check C / C++ code style
-- Configured uncrustify additional arguments: 
-- Added test 'xmllint' to check XML markup files
-- Configuring done
-- Generating done
-- Build files have been written to: /home/ansh/Desktop/lidar_only_cpp/build/lidar_only_cpp
[35m[1mConsolidate compiler generated dependencies of target data_extractor_node[0m
[ 50%] [32mBuilding CXX object CMakeFiles/data_extractor_node.dir/src/data_extractor_node.cpp.o[0m
[01m[K/home/ansh/Desktop/lidar_only_cpp/src/lidar_only_cpp/src/data_extractor_node.cpp:[m[K In member function ‘[01m[Kint DataExtractorWithMarkers::predict_cone_type(const std::vector<float>&)[m[K’:
[01m[K/home/ansh/Desktop/lidar_only_cpp/src/lidar_only_cpp/src/data_extractor_node.cpp:642:66:[m[K [01;31m[Kerror: [m[Kno matching function for call to ‘[01m[KOrt::Value::CreateTensor<float>(Ort::AllocatorWithDefaultOptions&, const float*, std::vector<float>::size_type, long int*, std::vector<long int, std::allocator<long int> >::size_type)[m[K’
  642 |         Ort::Value input_tensor = [01;31m[KOrt::Value::CreateTensor<float>([m[K
      |                                   [01;31m[K~~~~~~~~~~~~~~~~~~~~~~~~~~~~~~~^[m[K
  643 | [01;31m[K            allocator_, features.data(), features.size(), input_shape.data(), input_shape.size()[m[K
      |             [01;31m[K~~~~~~~~~~~~~~~~~~~~~~~~~~~~~~~~~~~~~~~~~~~~~~~~~~~~~~~~~~~~~~~~~~~~~~~~~~~~~~~~~~~~[m[K
  644 | [01;31m[K        )[m[K;
      |         [01;31m[K~[m[K                                                         
In file included from [01m[K/home/ansh/onnxruntime-linux-x64-1.17.1/include/onnxruntime_cxx_api.h:2372[m[K,
                 from [01m[K/home/ansh/Desktop/lidar_only_cpp/src/lidar_only_cpp/src/data_extractor_node.cpp:526[m[K:
[01m[K/home/ansh/onnxruntime-linux-x64-1.17.1/include/onnxruntime_cxx_inline.h:1489:14:[m[K [01;36m[Knote: [m[Kcandidate: ‘[01m[Kstatic Ort::Value Ort::Value::CreateTensor(const OrtMemoryInfo*, T*, size_t, const int64_t*, size_t) [with T = float; OrtMemoryInfo = OrtMemoryInfo; size_t = long unsigned int; int64_t = long int][m[K’
 1489 | inline Value [01;36m[KValue[m[K::CreateTensor(const OrtMemoryInfo* info, T* p_data, size_t p_data_element_count, const int64_t* shape, size_t shape_len) {
      |              [01;36m[K^~~~~[m[K
[01m[K/home/ansh/onnxruntime-linux-x64-1.17.1/include/onnxruntime_cxx_inline.h:1489:55:[m[K [01;36m[Knote: [m[K  no known conversion for argument 1 from ‘[01m[KOrt::AllocatorWithDefaultOptions[m[K’ to ‘[01m[Kconst OrtMemoryInfo*[m[K’
 1489 | inline Value Value::CreateTensor([01;36m[Kconst OrtMemoryInfo* info[m[K, T* p_data, size_t p_data_element_count, const int64_t* shape, size_t shape_len) {
      |                                  [01;36m[K~~~~~~~~~~~~~~~~~~~~~^~~~[m[K
[01m[K/home/ansh/onnxruntime-linux-x64-1.17.1/include/onnxruntime_cxx_inline.h:1501:14:[m[K [01;36m[Knote: [m[Kcandidate: ‘[01m[Kstatic Ort::Value Ort::Value::CreateTensor(OrtAllocator*, const int64_t*, size_t) [with T = float; OrtAllocator = OrtAllocator; int64_t = long int; size_t = long unsigned int][m[K’
 1501 | inline Value [01;36m[KValue[m[K::CreateTensor(OrtAllocator* allocator, const int64_t* shape, size_t shape_len) {
      |              [01;36m[K^~~~~[m[K
[01m[K/home/ansh/onnxruntime-linux-x64-1.17.1/include/onnxruntime_cxx_inline.h:1501:14:[m[K [01;36m[Knote: [m[K  candidate expects 3 arguments, 5 provided
gmake[2]: *** [CMakeFiles/data_extractor_node.dir/build.make:76: CMakeFiles/data_extractor_node.dir/src/data_extractor_node.cpp.o] Error 1
gmake[1]: *** [CMakeFiles/Makefile2:137: CMakeFiles/data_extractor_node.dir/all] Error 2
gmake: *** [Makefile:146: all] Error 2
