[0.031s] Invoking command in '/home/ansh/Desktop/lidar_only_cpp/build/lidar_only_cpp': CMAKE_PREFIX_PATH=${CMAKE_PREFIX_PATH}:/opt/ros/humble PS1=(model_env) \[\e]0;\u@\h: \w\a\]${debian_chroot:+($debian_chroot)}\[\033[01;32m\]\u@\h\[\033[00m\]:\[\033[01;34m\]\w\[\033[00m\]\$ VIRTUAL_ENV_PROMPT=(model_env) /usr/bin/cmake --build /home/ansh/Desktop/lidar_only_cpp/build/lidar_only_cpp -- -j12 -l12
[0.056s] -- Found ament_cmake: 1.3.12 (/opt/ros/humble/share/ament_cmake/cmake)
[0.145s] -- Found rclcpp: 16.0.14 (/opt/ros/humble/share/rclcpp/cmake)
[0.163s] -- Found rosidl_generator_c: 3.1.7 (/opt/ros/humble/share/rosidl_generator_c/cmake)
[0.164s] -- Found rosidl_adapter: 3.1.7 (/opt/ros/humble/share/rosidl_adapter/cmake)
[0.168s] -- Found rosidl_generator_cpp: 3.1.7 (/opt/ros/humble/share/rosidl_generator_cpp/cmake)
[0.173s] -- Using all available rosidl_typesupport_c: rosidl_typesupport_fastrtps_c;rosidl_typesupport_introspection_c
[0.181s] -- Using all available rosidl_typesupport_cpp: rosidl_typesupport_fastrtps_cpp;rosidl_typesupport_introspection_cpp
[0.198s] -- Found rmw_implementation_cmake: 6.1.2 (/opt/ros/humble/share/rmw_implementation_cmake/cmake)
[0.199s] -- Found rmw_fastrtps_cpp: 6.2.8 (/opt/ros/humble/share/rmw_fastrtps_cpp/cmake)
[0.265s] -- Using RMW implementation 'rmw_fastrtps_cpp' as default
[0.295s] -- Found sensor_msgs: 4.9.0 (/opt/ros/humble/share/sensor_msgs/cmake)
[0.312s] -- Found visualization_msgs: 4.9.0 (/opt/ros/humble/share/visualization_msgs/cmake)
[0.323s] -- Found pcl_conversions: 2.4.5 (/opt/ros/humble/share/pcl_conversions/cmake)
[0.350s] -- Eigen found (include: /usr/include/eigen3, version: 3.4.0)
[0.370s] -- FLANN found (include: /usr/include, lib: /usr/lib/x86_64-linux-gnu/libflann_cpp.so)
[0.612s] -- OpenNI found (version: 1.5.4.0, include: /usr/include/ni, lib: /usr/lib/libOpenNI.so;libusb::libusb)
[0.618s] -- OpenNI2 found (version: 2.2.0.33, include: /usr/include/openni2, lib: /usr/lib/x86_64-linux-gnu/libOpenNI2.so;libusb::libusb)
[0.730s] -- Eigen found (include: /usr/include/eigen3, version: 3.4.0)
[0.735s] -- OpenNI found (version: 1.5.4.0, include: /usr/include/ni, lib: /usr/lib/libOpenNI.so;libusb::libusb)
[0.740s] -- OpenNI2 found (version: 2.2.0.33, include: /usr/include/openni2, lib: /usr/lib/x86_64-linux-gnu/libOpenNI2.so;libusb::libusb)
[0.840s] -- Found Qhull version 8.0.2
[0.946s] -- OpenNI found (version: 1.5.4.0, include: /usr/include/ni, lib: /usr/lib/libOpenNI.so;libusb::libusb)
[1.064s] [33mCMake Warning (dev) at CMakeLists.txt:17 (find_package):
[1.064s]   Policy CMP0074 is not set: find_package uses <PackageName>_ROOT variables.
[1.064s]   Run "cmake --help-policy CMP0074" for policy details.  Use the cmake_policy
[1.064s]   command to set the policy and suppress this warning.
[1.064s] 
[1.064s]   CMake variable PCL_ROOT is set to:
[1.064s] 
[1.064s]     /usr
[1.065s] 
[1.065s]   For compatibility, CMake is ignoring the variable.
[1.065s] This warning is for project developers.  Use -Wno-dev to suppress it.
[1.065s] [0m
[1.076s] -- Found ament_lint_auto: 0.12.14 (/opt/ros/humble/share/ament_lint_auto/cmake)
[1.119s] -- Added test 'cppcheck' to perform static code analysis on C / C++ code
[1.120s] -- Configured cppcheck include dirs: 
[1.120s] -- Configured cppcheck exclude dirs and/or files: 
[1.120s] -- Added test 'lint_cmake' to check CMake code style
[1.120s] -- Added test 'uncrustify' to check C / C++ code style
[1.120s] -- Configured uncrustify additional arguments: 
[1.121s] -- Added test 'xmllint' to check XML markup files
[1.121s] -- Configuring done
[1.140s] -- Generating done
[1.146s] -- Build files have been written to: /home/ansh/Desktop/lidar_only_cpp/build/lidar_only_cpp
[1.174s] [35m[1mConsolidate compiler generated dependencies of target data_extractor_node[0m
[1.205s] [ 50%] [32mBuilding CXX object CMakeFiles/data_extractor_node.dir/src/data_extractor_node.cpp.o[0m
[5.718s] [01m[K/home/ansh/Desktop/lidar_only_cpp/src/lidar_only_cpp/src/data_extractor_node.cpp:[m[K In member function ‘[01m[Kint DataExtractorWithMarkers::predict_cone_type(const std::vector<float>&)[m[K’:
[5.718s] [01m[K/home/ansh/Desktop/lidar_only_cpp/src/lidar_only_cpp/src/data_extractor_node.cpp:642:66:[m[K [01;31m[Kerror: [m[Kno matching function for call to ‘[01m[KOrt::Value::CreateTensor<float>(Ort::AllocatorWithDefaultOptions&, const float*, std::vector<float>::size_type, long int*, std::vector<long int, std::allocator<long int> >::size_type)[m[K’
[5.718s]   642 |         Ort::Value input_tensor = [01;31m[KOrt::Value::CreateTensor<float>([m[K
[5.718s]       |                                   [01;31m[K~~~~~~~~~~~~~~~~~~~~~~~~~~~~~~~^[m[K
[5.718s]   643 | [01;31m[K            allocator_, features.data(), features.size(), input_shape.data(), input_shape.size()[m[K
[5.718s]       |             [01;31m[K~~~~~~~~~~~~~~~~~~~~~~~~~~~~~~~~~~~~~~~~~~~~~~~~~~~~~~~~~~~~~~~~~~~~~~~~~~~~~~~~~~~~[m[K
[5.718s]   644 | [01;31m[K        )[m[K;
[5.718s]       |         [01;31m[K~[m[K                                                         
[5.718s] In file included from [01m[K/home/ansh/onnxruntime-linux-x64-1.17.1/include/onnxruntime_cxx_api.h:2372[m[K,
[5.718s]                  from [01m[K/home/ansh/Desktop/lidar_only_cpp/src/lidar_only_cpp/src/data_extractor_node.cpp:526[m[K:
[5.719s] [01m[K/home/ansh/onnxruntime-linux-x64-1.17.1/include/onnxruntime_cxx_inline.h:1489:14:[m[K [01;36m[Knote: [m[Kcandidate: ‘[01m[Kstatic Ort::Value Ort::Value::CreateTensor(const OrtMemoryInfo*, T*, size_t, const int64_t*, size_t) [with T = float; OrtMemoryInfo = OrtMemoryInfo; size_t = long unsigned int; int64_t = long int][m[K’
[5.719s]  1489 | inline Value [01;36m[KValue[m[K::CreateTensor(const OrtMemoryInfo* info, T* p_data, size_t p_data_element_count, const int64_t* shape, size_t shape_len) {
[5.719s]       |              [01;36m[K^~~~~[m[K
[5.719s] [01m[K/home/ansh/onnxruntime-linux-x64-1.17.1/include/onnxruntime_cxx_inline.h:1489:55:[m[K [01;36m[Knote: [m[K  no known conversion for argument 1 from ‘[01m[KOrt::AllocatorWithDefaultOptions[m[K’ to ‘[01m[Kconst OrtMemoryInfo*[m[K’
[5.719s]  1489 | inline Value Value::CreateTensor([01;36m[Kconst OrtMemoryInfo* info[m[K, T* p_data, size_t p_data_element_count, const int64_t* shape, size_t shape_len) {
[5.719s]       |                                  [01;36m[K~~~~~~~~~~~~~~~~~~~~~^~~~[m[K
[5.719s] [01m[K/home/ansh/onnxruntime-linux-x64-1.17.1/include/onnxruntime_cxx_inline.h:1501:14:[m[K [01;36m[Knote: [m[Kcandidate: ‘[01m[Kstatic Ort::Value Ort::Value::CreateTensor(OrtAllocator*, const int64_t*, size_t) [with T = float; OrtAllocator = OrtAllocator; int64_t = long int; size_t = long unsigned int][m[K’
[5.719s]  1501 | inline Value [01;36m[KValue[m[K::CreateTensor(OrtAllocator* allocator, const int64_t* shape, size_t shape_len) {
[5.719s]       |              [01;36m[K^~~~~[m[K
[5.720s] [01m[K/home/ansh/onnxruntime-linux-x64-1.17.1/include/onnxruntime_cxx_inline.h:1501:14:[m[K [01;36m[Knote: [m[K  candidate expects 3 arguments, 5 provided
[7.970s] gmake[2]: *** [CMakeFiles/data_extractor_node.dir/build.make:76: CMakeFiles/data_extractor_node.dir/src/data_extractor_node.cpp.o] Error 1
[7.970s] gmake[1]: *** [CMakeFiles/Makefile2:137: CMakeFiles/data_extractor_node.dir/all] Error 2
[7.971s] gmake: *** [Makefile:146: all] Error 2
[7.974s] Invoked command in '/home/ansh/Desktop/lidar_only_cpp/build/lidar_only_cpp' returned '2': CMAKE_PREFIX_PATH=${CMAKE_PREFIX_PATH}:/opt/ros/humble PS1=(model_env) \[\e]0;\u@\h: \w\a\]${debian_chroot:+($debian_chroot)}\[\033[01;32m\]\u@\h\[\033[00m\]:\[\033[01;34m\]\w\[\033[00m\]\$ VIRTUAL_ENV_PROMPT=(model_env) /usr/bin/cmake --build /home/ansh/Desktop/lidar_only_cpp/build/lidar_only_cpp -- -j12 -l12
