[0.015s] Invoking command in '/home/ansh/Desktop/lidar_only_cpp/build/lidar_only_cpp': CMAKE_PREFIX_PATH=${CMAKE_PREFIX_PATH}:/opt/ros/humble /usr/bin/cmake --build /home/ansh/Desktop/lidar_only_cpp/build/lidar_only_cpp -- -j12 -l12
[0.132s] [100%] Built target data_extractor_node
[0.145s] Invoked command in '/home/ansh/Desktop/lidar_only_cpp/build/lidar_only_cpp' returned '0': CMAKE_PREFIX_PATH=${CMAKE_PREFIX_PATH}:/opt/ros/humble /usr/bin/cmake --build /home/ansh/Desktop/lidar_only_cpp/build/lidar_only_cpp -- -j12 -l12
[0.157s] Invoking command in '/home/ansh/Desktop/lidar_only_cpp/build/lidar_only_cpp': CMAKE_PREFIX_PATH=${CMAKE_PREFIX_PATH}:/opt/ros/humble /usr/bin/cmake --install /home/ansh/Desktop/lidar_only_cpp/build/lidar_only_cpp
[0.166s] -- Install configuration: ""
[0.167s] -- Up-to-date: /home/ansh/Desktop/lidar_only_cpp/install/lidar_only_cpp/lib/lidar_only_cpp/data_extractor_node
[0.167s] -- Up-to-date: /home/ansh/Desktop/lidar_only_cpp/install/lidar_only_cpp/share/ament_index/resource_index/package_run_dependencies/lidar_only_cpp
[0.168s] -- Up-to-date: /home/ansh/Desktop/lidar_only_cpp/install/lidar_only_cpp/share/ament_index/resource_index/parent_prefix_path/lidar_only_cpp
[0.168s] -- Up-to-date: /home/ansh/Desktop/lidar_only_cpp/install/lidar_only_cpp/share/lidar_only_cpp/environment/ament_prefix_path.sh
[0.168s] -- Up-to-date: /home/ansh/Desktop/lidar_only_cpp/install/lidar_only_cpp/share/lidar_only_cpp/environment/ament_prefix_path.dsv
[0.168s] -- Up-to-date: /home/ansh/Desktop/lidar_only_cpp/install/lidar_only_cpp/share/lidar_only_cpp/environment/path.sh
[0.168s] -- Up-to-date: /home/ansh/Desktop/lidar_only_cpp/install/lidar_only_cpp/share/lidar_only_cpp/environment/path.dsv
[0.169s] -- Up-to-date: /home/ansh/Desktop/lidar_only_cpp/install/lidar_only_cpp/share/lidar_only_cpp/local_setup.bash
[0.169s] -- Up-to-date: /home/ansh/Desktop/lidar_only_cpp/install/lidar_only_cpp/share/lidar_only_cpp/local_setup.sh
[0.169s] -- Up-to-date: /home/ansh/Desktop/lidar_only_cpp/install/lidar_only_cpp/share/lidar_only_cpp/local_setup.zsh
[0.169s] -- Up-to-date: /home/ansh/Desktop/lidar_only_cpp/install/lidar_only_cpp/share/lidar_only_cpp/local_setup.dsv
[0.169s] -- Installing: /home/ansh/Desktop/lidar_only_cpp/install/lidar_only_cpp/share/lidar_only_cpp/package.dsv
[0.169s] -- Up-to-date: /home/ansh/Desktop/lidar_only_cpp/install/lidar_only_cpp/share/ament_index/resource_index/packages/lidar_only_cpp
[0.170s] -- Up-to-date: /home/ansh/Desktop/lidar_only_cpp/install/lidar_only_cpp/share/lidar_only_cpp/cmake/lidar_only_cppConfig.cmake
[0.171s] -- Up-to-date: /home/ansh/Desktop/lidar_only_cpp/install/lidar_only_cpp/share/lidar_only_cpp/cmake/lidar_only_cppConfig-version.cmake
[0.171s] -- Up-to-date: /home/ansh/Desktop/lidar_only_cpp/install/lidar_only_cpp/share/lidar_only_cpp/package.xml
[0.172s] Invoked command in '/home/ansh/Desktop/lidar_only_cpp/build/lidar_only_cpp' returned '0': CMAKE_PREFIX_PATH=${CMAKE_PREFIX_PATH}:/opt/ros/humble /usr/bin/cmake --install /home/ansh/Desktop/lidar_only_cpp/build/lidar_only_cpp
