[ 50%] [32mBuilding CXX object CMakeFiles/data_extractor_node.dir/src/data_extractor_node.cpp.o[0m
[100%] [32m[1mLinking CXX executable data_extractor_node[0m
[100%] Built target data_extractor_node
-- Install configuration: ""
-- Installing: /home/ansh/Desktop/lidar_only_cpp/install/lidar_only_cpp/lib/lidar_only_cpp/data_extractor_node
-- Set runtime path of "/home/ansh/Desktop/lidar_only_cpp/install/lidar_only_cpp/lib/lidar_only_cpp/data_extractor_node" to ""
-- Up-to-date: /home/ansh/Desktop/lidar_only_cpp/install/lidar_only_cpp/share/ament_index/resource_index/package_run_dependencies/lidar_only_cpp
-- Up-to-date: /home/ansh/Desktop/lidar_only_cpp/install/lidar_only_cpp/share/ament_index/resource_index/parent_prefix_path/lidar_only_cpp
-- Up-to-date: /home/ansh/Desktop/lidar_only_cpp/install/lidar_only_cpp/share/lidar_only_cpp/environment/ament_prefix_path.sh
-- Up-to-date: /home/ansh/Desktop/lidar_only_cpp/install/lidar_only_cpp/share/lidar_only_cpp/environment/ament_prefix_path.dsv
-- Up-to-date: /home/ansh/Desktop/lidar_only_cpp/install/lidar_only_cpp/share/lidar_only_cpp/environment/path.sh
-- Up-to-date: /home/ansh/Desktop/lidar_only_cpp/install/lidar_only_cpp/share/lidar_only_cpp/environment/path.dsv
-- Up-to-date: /home/ansh/Desktop/lidar_only_cpp/install/lidar_only_cpp/share/lidar_only_cpp/local_setup.bash
-- Up-to-date: /home/ansh/Desktop/lidar_only_cpp/install/lidar_only_cpp/share/lidar_only_cpp/local_setup.sh
-- Up-to-date: /home/ansh/Desktop/lidar_only_cpp/install/lidar_only_cpp/share/lidar_only_cpp/local_setup.zsh
-- Up-to-date: /home/ansh/Desktop/lidar_only_cpp/install/lidar_only_cpp/share/lidar_only_cpp/local_setup.dsv
-- Installing: /home/ansh/Desktop/lidar_only_cpp/install/lidar_only_cpp/share/lidar_only_cpp/package.dsv
-- Up-to-date: /home/ansh/Desktop/lidar_only_cpp/install/lidar_only_cpp/share/ament_index/resource_index/packages/lidar_only_cpp
-- Up-to-date: /home/ansh/Desktop/lidar_only_cpp/install/lidar_only_cpp/share/lidar_only_cpp/cmake/lidar_only_cppConfig.cmake
-- Up-to-date: /home/ansh/Desktop/lidar_only_cpp/install/lidar_only_cpp/share/lidar_only_cpp/cmake/lidar_only_cppConfig-version.cmake
-- Up-to-date: /home/ansh/Desktop/lidar_only_cpp/install/lidar_only_cpp/share/lidar_only_cpp/package.xml
