[0.013s] Invoking command in '/home/ansh/Desktop/lidar_only_cpp/build/lidar_only_cpp': CMAKE_PREFIX_PATH=${CMAKE_PREFIX_PATH}:/opt/ros/humble /usr/bin/cmake --build /home/ansh/Desktop/lidar_only_cpp/build/lidar_only_cpp -- -j12 -l12
[0.086s] [ 50%] [32mBuilding CXX object CMakeFiles/data_extractor_node.dir/src/data_extractor_node.cpp.o[0m
[6.059s] [01m[K/home/ansh/Desktop/lidar_only_cpp/src/lidar_only_cpp/src/data_extractor_node.cpp:[m[K In member function ‘[01m[Kint DataExtractorWithMarkers::predict_cone_type(const std::vector<float>&)[m[K’:
[6.059s] [01m[K/home/ansh/Desktop/lidar_only_cpp/src/lidar_only_cpp/src/data_extractor_node.cpp:170:31:[m[K [01;35m[Kwarning: [m[Kunused variable ‘[01m[Kinput_ptrs[m[K’ [[01;35m[K]8;;https://gcc.gnu.org/onlinedocs/gcc/Warning-Options.html#index-Wunused-variable-Wunused-variable]8;;[m[K]
[6.059s]   170 | const Ort::Value* [01;35m[Kinput_ptrs[m[K[] = { &input_tensor };
[6.059s]       |                   [01;35m[K^~~~~~~~~~[m[K
[6.059s] 
[12.349s] [100%] [32m[1mLinking CXX executable data_extractor_node[0m
[13.965s] [100%] Built target data_extractor_node
[13.979s] Invoked command in '/home/ansh/Desktop/lidar_only_cpp/build/lidar_only_cpp' returned '0': CMAKE_PREFIX_PATH=${CMAKE_PREFIX_PATH}:/opt/ros/humble /usr/bin/cmake --build /home/ansh/Desktop/lidar_only_cpp/build/lidar_only_cpp -- -j12 -l12
[13.993s] Invoking command in '/home/ansh/Desktop/lidar_only_cpp/build/lidar_only_cpp': CMAKE_PREFIX_PATH=${CMAKE_PREFIX_PATH}:/opt/ros/humble /usr/bin/cmake --install /home/ansh/Desktop/lidar_only_cpp/build/lidar_only_cpp
[14.001s] -- Install configuration: ""
[14.001s] -- Installing: /home/ansh/Desktop/lidar_only_cpp/install/lidar_only_cpp/lib/lidar_only_cpp/data_extractor_node
[14.008s] -- Set runtime path of "/home/ansh/Desktop/lidar_only_cpp/install/lidar_only_cpp/lib/lidar_only_cpp/data_extractor_node" to ""
[14.008s] -- Up-to-date: /home/ansh/Desktop/lidar_only_cpp/install/lidar_only_cpp/share/ament_index/resource_index/package_run_dependencies/lidar_only_cpp
[14.008s] -- Up-to-date: /home/ansh/Desktop/lidar_only_cpp/install/lidar_only_cpp/share/ament_index/resource_index/parent_prefix_path/lidar_only_cpp
[14.008s] -- Up-to-date: /home/ansh/Desktop/lidar_only_cpp/install/lidar_only_cpp/share/lidar_only_cpp/environment/ament_prefix_path.sh
[14.008s] -- Up-to-date: /home/ansh/Desktop/lidar_only_cpp/install/lidar_only_cpp/share/lidar_only_cpp/environment/ament_prefix_path.dsv
[14.008s] -- Up-to-date: /home/ansh/Desktop/lidar_only_cpp/install/lidar_only_cpp/share/lidar_only_cpp/environment/path.sh
[14.008s] -- Up-to-date: /home/ansh/Desktop/lidar_only_cpp/install/lidar_only_cpp/share/lidar_only_cpp/environment/path.dsv
[14.008s] -- Up-to-date: /home/ansh/Desktop/lidar_only_cpp/install/lidar_only_cpp/share/lidar_only_cpp/local_setup.bash
[14.008s] -- Up-to-date: /home/ansh/Desktop/lidar_only_cpp/install/lidar_only_cpp/share/lidar_only_cpp/local_setup.sh
[14.008s] -- Up-to-date: /home/ansh/Desktop/lidar_only_cpp/install/lidar_only_cpp/share/lidar_only_cpp/local_setup.zsh
[14.009s] -- Up-to-date: /home/ansh/Desktop/lidar_only_cpp/install/lidar_only_cpp/share/lidar_only_cpp/local_setup.dsv
[14.009s] -- Installing: /home/ansh/Desktop/lidar_only_cpp/install/lidar_only_cpp/share/lidar_only_cpp/package.dsv
[14.009s] -- Up-to-date: /home/ansh/Desktop/lidar_only_cpp/install/lidar_only_cpp/share/ament_index/resource_index/packages/lidar_only_cpp
[14.009s] -- Up-to-date: /home/ansh/Desktop/lidar_only_cpp/install/lidar_only_cpp/share/lidar_only_cpp/cmake/lidar_only_cppConfig.cmake
[14.009s] -- Up-to-date: /home/ansh/Desktop/lidar_only_cpp/install/lidar_only_cpp/share/lidar_only_cpp/cmake/lidar_only_cppConfig-version.cmake
[14.009s] -- Up-to-date: /home/ansh/Desktop/lidar_only_cpp/install/lidar_only_cpp/share/lidar_only_cpp/package.xml
[14.012s] Invoked command in '/home/ansh/Desktop/lidar_only_cpp/build/lidar_only_cpp' returned '0': CMAKE_PREFIX_PATH=${CMAKE_PREFIX_PATH}:/opt/ros/humble /usr/bin/cmake --install /home/ansh/Desktop/lidar_only_cpp/build/lidar_only_cpp
