[0.015s] Invoking command in '/home/ansh/Desktop/lidar_only_cpp/build/lidar_only_cpp': CMAKE_PREFIX_PATH=${CMAKE_PREFIX_PATH}:/opt/ros/humble /usr/bin/cmake --build /home/ansh/Desktop/lidar_only_cpp/build/lidar_only_cpp -- -j12 -l12
[0.056s] [35m[1mConsolidate compiler generated dependencies of target data_extractor_node[0m
[0.082s] [ 50%] [32mBuilding CXX object CMakeFiles/data_extractor_node.dir/src/data_extractor_node.cpp.o[0m
[9.211s] [100%] [32m[1mLinking CXX executable data_extractor_node[0m
[10.254s] [100%] Built target data_extractor_node
[10.265s] Invoked command in '/home/ansh/Desktop/lidar_only_cpp/build/lidar_only_cpp' returned '0': CMAKE_PREFIX_PATH=${CMAKE_PREFIX_PATH}:/opt/ros/humble /usr/bin/cmake --build /home/ansh/Desktop/lidar_only_cpp/build/lidar_only_cpp -- -j12 -l12
[10.273s] Invoking command in '/home/ansh/Desktop/lidar_only_cpp/build/lidar_only_cpp': CMAKE_PREFIX_PATH=${CMAKE_PREFIX_PATH}:/opt/ros/humble /usr/bin/cmake --install /home/ansh/Desktop/lidar_only_cpp/build/lidar_only_cpp
[10.279s] -- Install configuration: ""
[10.279s] -- Installing: /home/ansh/Desktop/lidar_only_cpp/install/lidar_only_cpp/lib/lidar_only_cpp/data_extractor_node
[10.282s] -- Set runtime path of "/home/ansh/Desktop/lidar_only_cpp/install/lidar_only_cpp/lib/lidar_only_cpp/data_extractor_node" to ""
[10.282s] -- Up-to-date: /home/ansh/Desktop/lidar_only_cpp/install/lidar_only_cpp/share/ament_index/resource_index/package_run_dependencies/lidar_only_cpp
[10.282s] -- Up-to-date: /home/ansh/Desktop/lidar_only_cpp/install/lidar_only_cpp/share/ament_index/resource_index/parent_prefix_path/lidar_only_cpp
[10.282s] -- Up-to-date: /home/ansh/Desktop/lidar_only_cpp/install/lidar_only_cpp/share/lidar_only_cpp/environment/ament_prefix_path.sh
[10.282s] -- Up-to-date: /home/ansh/Desktop/lidar_only_cpp/install/lidar_only_cpp/share/lidar_only_cpp/environment/ament_prefix_path.dsv
[10.282s] -- Up-to-date: /home/ansh/Desktop/lidar_only_cpp/install/lidar_only_cpp/share/lidar_only_cpp/environment/path.sh
[10.282s] -- Up-to-date: /home/ansh/Desktop/lidar_only_cpp/install/lidar_only_cpp/share/lidar_only_cpp/environment/path.dsv
[10.282s] -- Up-to-date: /home/ansh/Desktop/lidar_only_cpp/install/lidar_only_cpp/share/lidar_only_cpp/local_setup.bash
[10.282s] -- Up-to-date: /home/ansh/Desktop/lidar_only_cpp/install/lidar_only_cpp/share/lidar_only_cpp/local_setup.sh
[10.282s] -- Up-to-date: /home/ansh/Desktop/lidar_only_cpp/install/lidar_only_cpp/share/lidar_only_cpp/local_setup.zsh
[10.282s] -- Up-to-date: /home/ansh/Desktop/lidar_only_cpp/install/lidar_only_cpp/share/lidar_only_cpp/local_setup.dsv
[10.282s] -- Installing: /home/ansh/Desktop/lidar_only_cpp/install/lidar_only_cpp/share/lidar_only_cpp/package.dsv
[10.282s] -- Up-to-date: /home/ansh/Desktop/lidar_only_cpp/install/lidar_only_cpp/share/ament_index/resource_index/packages/lidar_only_cpp
[10.282s] -- Up-to-date: /home/ansh/Desktop/lidar_only_cpp/install/lidar_only_cpp/share/lidar_only_cpp/cmake/lidar_only_cppConfig.cmake
[10.282s] -- Up-to-date: /home/ansh/Desktop/lidar_only_cpp/install/lidar_only_cpp/share/lidar_only_cpp/cmake/lidar_only_cppConfig-version.cmake
[10.282s] -- Up-to-date: /home/ansh/Desktop/lidar_only_cpp/install/lidar_only_cpp/share/lidar_only_cpp/package.xml
[10.284s] Invoked command in '/home/ansh/Desktop/lidar_only_cpp/build/lidar_only_cpp' returned '0': CMAKE_PREFIX_PATH=${CMAKE_PREFIX_PATH}:/opt/ros/humble /usr/bin/cmake --install /home/ansh/Desktop/lidar_only_cpp/build/lidar_only_cpp
